<?xml version="1.0" encoding="UTF-8"?>
<!-- Generated by org.testng.reporters.JUnitReportReporter -->
<testsuite skipped="0" hostname="DESKTOP-F4V5IMJ" name="logintestcases.BothWrong" tests="1" failures="0" timestamp="2020-03-27T21:26:31 IST" time="12.628" errors="0">
  <testcase name="loginwithbothwrong" time="12.628" classname="logintestcases.BothWrong"/>
</testsuite> <!-- logintestcases.BothWrong -->
