<?xml version="1.0" encoding="UTF-8"?>
<!-- Generated by org.testng.reporters.JUnitReportReporter -->
<testsuite skipped="1" hostname="DESKTOP-F4V5IMJ" name="logintestcases.BothCorrect" tests="1" failures="0" timestamp="2020-03-28T14:06:49 IST" time="0.000" errors="0">
  <testcase name="loginwithcorrectusername" time="0.000" classname="logintestcases.BothCorrect">
    <skipped/>
  </testcase> <!-- loginwithcorrectusername -->
</testsuite> <!-- logintestcases.BothCorrect -->
