<?xml version="1.0" encoding="UTF-8"?>
<!-- Generated by org.testng.reporters.JUnitReportReporter -->
<testsuite skipped="0" hostname="DESKTOP-F4V5IMJ" name="logintestcases.correctPassWord" tests="1" failures="0" timestamp="2020-03-27T21:26:31 IST" time="12.876" errors="0">
  <testcase name="loginwithcorrectpswd" time="12.876" classname="logintestcases.correctPassWord"/>
</testsuite> <!-- logintestcases.correctPassWord -->
